0.0 1.0
0.1 1.0947630922693268
0.2 1.178605854441204
0.30000000000000004 1.250691949735862
0.4 1.3103023148585913
0.5 1.3568423327009356
0.6 1.3898477636834203
0.7 1.4089893765743
0.7999999999999999 1.4140762325916205
0.8999999999999999 1.4050575900294735
0.9999999999999999 1.3820234104096758
1.0999999999999999 1.3452034611099812
1.2 1.2949650234201622
1.3 1.2318092288882465
1.4000000000000001 1.156366060502084
1.5000000000000002 1.069388068569766
1.6000000000000003 0.9717428639833857
1.7000000000000004 0.8644044637462982
1.8000000000000005 0.7484435750927887
1.9000000000000006 0.6250169151166578
2.0000000000000004 0.49535567244609646
2.1000000000000005 0.360753226060362
2.2000000000000006 0.2225522437538259
2.3000000000000007 0.0821312889410172
2.400000000000001 -0.0591089305993827
2.500000000000001 -0.19975953487195836
2.600000000000001 -0.3384175253303499
2.700000000000001 -0.4736997798752218
2.800000000000001 -0.6042568495834332
2.9000000000000012 -0.7287864195451764
3.0000000000000013 -0.8460462995363942
3.1000000000000014 -0.9548668149437078
3.2000000000000015 -1.054162474341608
3.3000000000000016 -1.1429427973370982
3.4000000000000017 -1.2203221946733653
3.5000000000000018 -1.2855288020378284
3.600000000000002 -1.337912179456777
3.700000000000002 -1.3769497994746605
3.800000000000002 -1.4022522593980336
3.900000000000002 -1.4135671656117006
4.000000000000002 -1.410781651220762
4.100000000000001 -1.3939235019049283
4.200000000000001 -1.3631608787546314
4.300000000000001 -1.318800640853665
4.4 -1.2612852843406919
4.5 -1.1911885284826744
4.6 -1.109209592789418
4.699999999999999 -1.0161662222553698
4.799999999999999 -0.912986530302315
4.899999999999999 -0.8006997407901351
4.999999999999998 -0.680425921444637
5.099999999999998 -0.55336481111216
5.1999999999999975 -0.4207838522897861
5.299999999999997 -0.2840055483074143
5.399999999999997 -0.14439427127459456
5.4999999999999964 -0.0033426523836740663
5.599999999999996 0.13774230967316842
5.699999999999996 0.2774532836035952
5.799999999999995 0.41439664373248997
5.899999999999995 0.5472063715049509
5.999999999999995 0.6745576816065395
6.099999999999994 0.7951802367793847
6.199999999999994 0.9078708195155277
6.299999999999994 1.0115053342265783
6.399999999999993 1.1050500201672888
6.499999999999993 1.187571763263438
6.5999999999999925 1.2582474039828946
6.699999999999992 1.3163719484032699
6.799999999999992 1.361365600570246
6.8999999999999915 1.3927795459983667
6.999999999999991 1.4103004286235112
7.099999999999991 1.4137534765491693
7.19999999999999 1.4031042454070053
7.29999999999999 1.3784589619415792
7.39999999999999 1.3400634643919482
7.499999999999989 1.2883007502399038
7.599999999999989 1.2236871557862141
7.699999999999989 1.1468672056638343
7.799999999999988 1.0586071836645083
7.899999999999988 0.9597874890101747
7.999999999999988 0.8513938543158394
8.099999999999987 0.7345075128452861
8.199999999999987 0.6102944131418622
8.299999999999986 0.47999358861906805
8.399999999999986 0.3449047981250114
8.499999999999986 0.20637556076686484
8.599999999999985 0.06578771432376199
8.699999999999985 -0.07545636867119886
8.799999999999985 -0.21594776968440213
8.899999999999984 -0.3542850782319256
8.999999999999984 -0.4890883710364873
9.099999999999984 -0.6190129768481663
9.199999999999983 -0.7427628896239533
9.299999999999983 -0.8591036962688282
9.399999999999983 -0.9668748899833407
9.499999999999982 -1.0650014463912862
9.599999999999982 -1.1525045469748798
9.699999999999982 -1.2285113428504946
9.799999999999981 -1.292263661490693
9.89999999999998 -1.3431255695424555
9.99999999999998 -1.380589716302024
