0.0 1.0
0.1 0.8952618453865338
0.2 0.7815933980510072
0.30000000000000004 0.660128507842154
0.4 0.5320787946124315
0.5 0.3987215622344551
0.6 0.2613870574152374
0.7 0.1214452004023514
0.7999999999999999 -0.0197080800559446
0.8999999999999999 -0.1606647711869993
0.9999999999999999 -0.30001882120895673
1.0999999999999999 -0.4363801647849396
1.2 -0.5683885890114467
1.3 -0.6947273016268672
1.4000000000000001 -0.8141360660963839
1.5000000000000002 -0.9254237725499764
1.6000000000000003 -1.027480319177634
1.7000000000000004 -1.1192876855641185
1.8000000000000005 -1.199930087506073
1.9000000000000006 -1.2686031120165455
2.0000000000000004 -1.3246217413946835
2.1000000000000005 -1.3674271863200065
2.2000000000000006 -1.396592459810716
2.3000000000000007 -1.4118266364454581
2.400000000000001 -1.41297775436254
2.500000000000001 -1.4000343310889731
2.600000000000001 -1.373125478078858
2.700000000000001 -1.3325196128185797
2.800000000000001 -1.278621781345647
2.9000000000000012 -1.2119696178892168
3.0000000000000013 -1.1332279819351383
3.1000000000000014 -1.0431823262111333
3.2000000000000015 -0.9427308617468676
3.3000000000000016 -0.8328755981629323
3.4000000000000017 -0.7147123485624092
3.5000000000000018 -0.5894197987268496
3.600000000000002 -0.4582477496521194
3.700000000000002 -0.32250465070554757
3.800000000000002 -0.18354454776191292
3.900000000000002 -0.04275357651142622
4.000000000000002 0.09846386433019691
4.100000000000001 0.23869912198648144
4.200000000000001 0.3765533410194595
4.300000000000001 0.5106514169998744
4.4 0.6396557132595923
4.5 0.7622794039007607
4.6 0.8772993099643653
4.699999999999999 0.9835681007166048
4.799999999999999 1.0800257383444891
4.899999999999999 1.1657100518991117
4.999999999999998 1.2397663350108503
5.099999999999998 1.3014558716386904
5.1999999999999975 1.3501633048087878
5.299999999999997 1.3854027748386477
5.399999999999997 1.4068227658177483
5.4999999999999964 1.414209612000662
5.599999999999996 1.4074896291361874
5.699999999999996 1.3867298494723492
5.799999999999995 1.3521373531055452
5.899999999999995 1.3040572023436732
5.999999999999995 1.2429689996880988
6.099999999999994 1.1694821037688026
6.199999999999994 1.084329550954057
6.299999999999994 0.9883607432669518
6.399999999999993 0.8825329755472585
6.499999999999993 0.7679018863757222
6.5999999999999925 0.6456109280134057
6.699999999999992 0.5168799603940976
6.799999999999992 0.38299308294542184
6.8999999999999915 0.24528582561699122
6.999999999999991 0.10513182688589734
7.099999999999991 -0.036070868372736695
7.19999999999999 -0.17691375447054541
7.29999999999999 -0.3159919148379746
7.39999999999999 -0.45191803615465104
7.499999999999989 -0.5833362468862436
7.599999999999989 -0.7089356421875497
7.699999999999989 -0.8274633602600522
7.799999999999988 -0.9377370797264694
7.899999999999988 -1.0386568133602037
7.999999999999988 -1.1292158805265045
8.099999999999987 -1.208510948884561
8.199999999999987 -1.2757510451839185
8.299999999999986 -1.330265445271965
8.399999999999986 -1.371510364609169
8.499999999999986 -1.399074382553763
8.599999999999985 -1.4126825463082944
8.699999999999985 -1.4121991135909227
8.799999999999985 -1.3976289066731427
8.899999999999984 -1.3691172642773264
8.999999999999984 -1.3269485918139057
9.099999999999984 -1.271543524419673
9.199999999999983 -1.2034547310960673
9.299999999999983 -1.1233614018014282
9.399999999999983 -1.0320624724888199
9.499999999999982 -0.9304686556700885
9.599999999999982 -0.8195933560017803
9.699999999999982 -0.7005425615105116
9.799999999999981 -0.5745038112934523
9.89999999999998 -0.44273434974179493
9.99999999999998 -0.306548585449571
